Flow report for Expt
Thu Oct 13 15:49:56 2022
Quartus Prime Version 20.1.1 Build 720 11/11/2020 SJ Lite Edition


---------------------
; Table of Contents ;
---------------------
  1. Legal Notice
  2. Flow Summary
  3. Flow Settings
  4. Flow Non-Default Global Settings
  5. Flow Elapsed Time
  6. Flow OS Summary
  7. Flow Log
  8. Flow Messages
  9. Flow Suppressed Messages



----------------
; Legal Notice ;
----------------
Copyright (C) 2020  Intel Corporation. All rights reserved.
Your use of Intel Corporation's design tools, logic functions 
and other software and tools, and any partner logic 
functions, and any output files from any of the foregoing 
(including device programming or simulation files), and any 
associated documentation or information are expressly subject 
to the terms and conditions of the Intel Program License 
Subscription Agreement, the Intel Quartus Prime License Agreement,
the Intel FPGA IP License Agreement, or other applicable license
agreement, including, without limitation, that your use is for
the sole purpose of programming logic devices manufactured by
Intel and sold by Intel or its authorized distributors.  Please
refer to the applicable agreement for further details, at
https://fpgasoftware.intel.com/eula.



+----------------------------------------------------------------------------------+
; Flow Summary                                                                     ;
+------------------------------------+---------------------------------------------+
; Flow Status                        ; Successful - Thu Oct 13 15:49:56 2022       ;
; Quartus Prime Version              ; 20.1.1 Build 720 11/11/2020 SJ Lite Edition ;
; Revision Name                      ; Expt                                        ;
; Top-level Entity Name              ; clock_divider                               ;
; Family                             ; MAX 10                                      ;
; Device                             ; 10M25SAE144C8G                              ;
; Timing Models                      ; Final                                       ;
; Total logic elements               ; 58 / 24,960 ( < 1 % )                       ;
;     Total combinational functions  ; 58 / 24,960 ( < 1 % )                       ;
;     Dedicated logic registers      ; 33 / 24,960 ( < 1 % )                       ;
; Total registers                    ; 33                                          ;
; Total pins                         ; 3 / 101 ( 3 % )                             ;
; Total virtual pins                 ; 0                                           ;
; Total memory bits                  ; 0 / 691,200 ( 0 % )                         ;
; Embedded Multiplier 9-bit elements ; 0 / 110 ( 0 % )                             ;
; Total PLLs                         ; 0 / 1 ( 0 % )                               ;
; UFM blocks                         ; 0 / 1 ( 0 % )                               ;
; ADC blocks                         ; 0 / 1 ( 0 % )                               ;
+------------------------------------+---------------------------------------------+


+-----------------------------------------+
; Flow Settings                           ;
+-------------------+---------------------+
; Option            ; Setting             ;
+-------------------+---------------------+
; Start date & time ; 10/13/2022 15:49:35 ;
; Main task         ; Compilation         ;
; Revision Name     ; Expt                ;
+-------------------+---------------------+


+---------------------------------------------------------------------------------------------------------------------------------------------------+
; Flow Non-Default Global Settings                                                                                                                  ;
+--------------------------------------+----------------------------------------+---------------+---------------+-----------------------------------+
; Assignment Name                      ; Value                                  ; Default Value ; Entity Name   ; Section Id                        ;
+--------------------------------------+----------------------------------------+---------------+---------------+-----------------------------------+
; COMPILER_SIGNATURE_ID                ; 185479159902438.166565637502628        ; --            ; --            ; --                                ;
; EDA_DESIGN_INSTANCE_NAME             ; NA                                     ; --            ; --            ; clock_divider_tb                  ;
; EDA_GENERATE_FUNCTIONAL_NETLIST      ; Off                                    ; --            ; --            ; eda_board_design_timing           ;
; EDA_GENERATE_FUNCTIONAL_NETLIST      ; Off                                    ; --            ; --            ; eda_board_design_boundary_scan    ;
; EDA_GENERATE_FUNCTIONAL_NETLIST      ; Off                                    ; --            ; --            ; eda_board_design_signal_integrity ;
; EDA_GENERATE_FUNCTIONAL_NETLIST      ; Off                                    ; --            ; --            ; eda_board_design_symbol           ;
; EDA_NATIVELINK_SIMULATION_TEST_BENCH ; clock_divider_tb                       ; --            ; --            ; eda_simulation                    ;
; EDA_OUTPUT_DATA_FORMAT               ; Vhdl                                   ; --            ; --            ; eda_simulation                    ;
; EDA_SIMULATION_TOOL                  ; ModelSim-Altera (VHDL)                 ; <None>        ; --            ; --                                ;
; EDA_TEST_BENCH_ENABLE_STATUS         ; TEST_BENCH_MODE                        ; --            ; --            ; eda_simulation                    ;
; EDA_TEST_BENCH_FILE                  ; clock_divider_tb.vhd                   ; --            ; --            ; clock_divider_tb                  ;
; EDA_TEST_BENCH_MODULE_NAME           ; clock_divider_tb                       ; --            ; --            ; clock_divider_tb                  ;
; EDA_TEST_BENCH_NAME                  ; clock_divider_tb                       ; --            ; --            ; eda_simulation                    ;
; EDA_TIME_SCALE                       ; 1 ps                                   ; --            ; --            ; eda_simulation                    ;
; FLOW_ENABLE_POWER_ANALYZER           ; On                                     ; Off           ; --            ; --                                ;
; MAX_CORE_JUNCTION_TEMP               ; 85                                     ; --            ; --            ; --                                ;
; MIN_CORE_JUNCTION_TEMP               ; 0                                      ; --            ; --            ; --                                ;
; PARTITION_COLOR                      ; -- (Not supported for targeted family) ; --            ; Clock_divider ; Top                               ;
; PARTITION_FITTER_PRESERVATION_LEVEL  ; -- (Not supported for targeted family) ; --            ; Clock_divider ; Top                               ;
; PARTITION_NETLIST_TYPE               ; -- (Not supported for targeted family) ; --            ; Clock_divider ; Top                               ;
; POWER_BOARD_THERMAL_MODEL            ; None (CONSERVATIVE)                    ; --            ; --            ; --                                ;
; POWER_DEFAULT_INPUT_IO_TOGGLE_RATE   ; 12.5 %                                 ; 12.5%         ; --            ; --                                ;
; POWER_PRESET_COOLING_SOLUTION        ; 23 MM HEAT SINK WITH 200 LFPM AIRFLOW  ; --            ; --            ; --                                ;
; PROJECT_OUTPUT_DIRECTORY             ; output_files                           ; --            ; --            ; --                                ;
; TOP_LEVEL_ENTITY                     ; Clock_divider                          ; Expt          ; --            ; --                                ;
+--------------------------------------+----------------------------------------+---------------+---------------+-----------------------------------+


+--------------------------------------------------------------------------------------------------------------------------+
; Flow Elapsed Time                                                                                                        ;
+----------------------+--------------+-------------------------+---------------------+------------------------------------+
; Module Name          ; Elapsed Time ; Average Processors Used ; Peak Virtual Memory ; Total CPU Time (on all processors) ;
+----------------------+--------------+-------------------------+---------------------+------------------------------------+
; Analysis & Synthesis ; 00:00:08     ; 1.0                     ; 4849 MB             ; 00:00:08                           ;
; Fitter               ; 00:00:04     ; 1.1                     ; 6562 MB             ; 00:00:04                           ;
; Assembler            ; 00:00:02     ; 1.0                     ; 4693 MB             ; 00:00:01                           ;
; Power Analyzer       ; 00:00:01     ; 1.1                     ; 4982 MB             ; 00:00:02                           ;
; Timing Analyzer      ; 00:00:02     ; 1.1                     ; 4922 MB             ; 00:00:01                           ;
; EDA Netlist Writer   ; 00:00:00     ; 1.0                     ; 4640 MB             ; 00:00:00                           ;
; Total                ; 00:00:17     ; --                      ; --                  ; 00:00:16                           ;
+----------------------+--------------+-------------------------+---------------------+------------------------------------+


+------------------------------------------------------------------------------------+
; Flow OS Summary                                                                    ;
+----------------------+------------------+------------+------------+----------------+
; Module Name          ; Machine Hostname ; OS Name    ; OS Version ; Processor type ;
+----------------------+------------------+------------+------------+----------------+
; Analysis & Synthesis ; GodTierDevice    ; Windows 10 ; 10.0       ; x86_64         ;
; Fitter               ; GodTierDevice    ; Windows 10 ; 10.0       ; x86_64         ;
; Assembler            ; GodTierDevice    ; Windows 10 ; 10.0       ; x86_64         ;
; Power Analyzer       ; GodTierDevice    ; Windows 10 ; 10.0       ; x86_64         ;
; Timing Analyzer      ; GodTierDevice    ; Windows 10 ; 10.0       ; x86_64         ;
; EDA Netlist Writer   ; GodTierDevice    ; Windows 10 ; 10.0       ; x86_64         ;
+----------------------+------------------+------------+------------+----------------+


------------
; Flow Log ;
------------
quartus_map --read_settings_files=on --write_settings_files=off Expt -c Expt
quartus_fit --read_settings_files=off --write_settings_files=off Expt -c Expt
quartus_asm --read_settings_files=off --write_settings_files=off Expt -c Expt
quartus_pow --read_settings_files=off --write_settings_files=off Expt -c Expt
quartus_sta Expt -c Expt
quartus_eda --read_settings_files=off --write_settings_files=off Expt -c Expt



