Analysis & Synthesis report for Expt
Thu Sep 08 21:19:13 2022
Quartus Prime Version 20.1.1 Build 720 11/11/2020 SJ Lite Edition


---------------------
; Table of Contents ;
---------------------
  1. Legal Notice
  2. Analysis & Synthesis Summary
  3. Analysis & Synthesis Settings
  4. Parallel Compilation
  5. Analysis & Synthesis Source Files Read
  6. Analysis & Synthesis Resource Usage Summary
  7. Analysis & Synthesis Resource Utilization by Entity
  8. General Register Statistics
  9. Multiplexer Restructuring Statistics (Restructuring Performed)
 10. Parameter Settings for User Entity Instance: alu_beh:add_instance
 11. Post-Synthesis Netlist Statistics for Top Partition
 12. Elapsed Time Per Partition
 13. Analysis & Synthesis Messages



----------------
; Legal Notice ;
----------------
Copyright (C) 2020  Intel Corporation. All rights reserved.
Your use of Intel Corporation's design tools, logic functions 
and other software and tools, and any partner logic 
functions, and any output files from any of the foregoing 
(including device programming or simulation files), and any 
associated documentation or information are expressly subject 
to the terms and conditions of the Intel Program License 
Subscription Agreement, the Intel Quartus Prime License Agreement,
the Intel FPGA IP License Agreement, or other applicable license
agreement, including, without limitation, that your use is for
the sole purpose of programming logic devices manufactured by
Intel and sold by Intel or its authorized distributors.  Please
refer to the applicable agreement for further details, at
https://fpgasoftware.intel.com/eula.



+----------------------------------------------------------------------------------+
; Analysis & Synthesis Summary                                                     ;
+------------------------------------+---------------------------------------------+
; Analysis & Synthesis Status        ; Successful - Thu Sep 08 21:19:13 2022       ;
; Quartus Prime Version              ; 20.1.1 Build 720 11/11/2020 SJ Lite Edition ;
; Revision Name                      ; Expt                                        ;
; Top-level Entity Name              ; DUT                                         ;
; Family                             ; MAX 10                                      ;
; Total logic elements               ; 44                                          ;
;     Total combinational functions  ; 44                                          ;
;     Dedicated logic registers      ; 0                                           ;
; Total registers                    ; 0                                           ;
; Total pins                         ; 16                                          ;
; Total virtual pins                 ; 0                                           ;
; Total memory bits                  ; 0                                           ;
; Embedded Multiplier 9-bit elements ; 0                                           ;
; Total PLLs                         ; 0                                           ;
; UFM blocks                         ; 0                                           ;
; ADC blocks                         ; 0                                           ;
+------------------------------------+---------------------------------------------+


+------------------------------------------------------------------------------------------------------------+
; Analysis & Synthesis Settings                                                                              ;
+------------------------------------------------------------------+--------------------+--------------------+
; Option                                                           ; Setting            ; Default Value      ;
+------------------------------------------------------------------+--------------------+--------------------+
; Device                                                           ; 10M25SAE144C8G     ;                    ;
; Top-level entity name                                            ; DUT                ; Expt               ;
; Family name                                                      ; MAX 10             ; Cyclone V          ;
; Use smart compilation                                            ; Off                ; Off                ;
; Enable parallel Assembler and Timing Analyzer during compilation ; On                 ; On                 ;
; Enable compact report table                                      ; Off                ; Off                ;
; Restructure Multiplexers                                         ; Auto               ; Auto               ;
; Create Debugging Nodes for IP Cores                              ; Off                ; Off                ;
; Preserve fewer node names                                        ; On                 ; On                 ;
; Intel FPGA IP Evaluation Mode                                    ; Enable             ; Enable             ;
; Verilog Version                                                  ; Verilog_2001       ; Verilog_2001       ;
; VHDL Version                                                     ; VHDL_1993          ; VHDL_1993          ;
; State Machine Processing                                         ; Auto               ; Auto               ;
; Safe State Machine                                               ; Off                ; Off                ;
; Extract Verilog State Machines                                   ; On                 ; On                 ;
; Extract VHDL State Machines                                      ; On                 ; On                 ;
; Ignore Verilog initial constructs                                ; Off                ; Off                ;
; Iteration limit for constant Verilog loops                       ; 5000               ; 5000               ;
; Iteration limit for non-constant Verilog loops                   ; 250                ; 250                ;
; Add Pass-Through Logic to Inferred RAMs                          ; On                 ; On                 ;
; Infer RAMs from Raw Logic                                        ; On                 ; On                 ;
; Parallel Synthesis                                               ; On                 ; On                 ;
; DSP Block Balancing                                              ; Auto               ; Auto               ;
; NOT Gate Push-Back                                               ; On                 ; On                 ;
; Power-Up Don't Care                                              ; On                 ; On                 ;
; Remove Redundant Logic Cells                                     ; Off                ; Off                ;
; Remove Duplicate Registers                                       ; On                 ; On                 ;
; Ignore CARRY Buffers                                             ; Off                ; Off                ;
; Ignore CASCADE Buffers                                           ; Off                ; Off                ;
; Ignore GLOBAL Buffers                                            ; Off                ; Off                ;
; Ignore ROW GLOBAL Buffers                                        ; Off                ; Off                ;
; Ignore LCELL Buffers                                             ; Off                ; Off                ;
; Ignore SOFT Buffers                                              ; On                 ; On                 ;
; Limit AHDL Integers to 32 Bits                                   ; Off                ; Off                ;
; Optimization Technique                                           ; Balanced           ; Balanced           ;
; Carry Chain Length                                               ; 70                 ; 70                 ;
; Auto Carry Chains                                                ; On                 ; On                 ;
; Auto Open-Drain Pins                                             ; On                 ; On                 ;
; Perform WYSIWYG Primitive Resynthesis                            ; Off                ; Off                ;
; Auto ROM Replacement                                             ; On                 ; On                 ;
; Auto RAM Replacement                                             ; On                 ; On                 ;
; Auto DSP Block Replacement                                       ; On                 ; On                 ;
; Auto Shift Register Replacement                                  ; Auto               ; Auto               ;
; Allow Shift Register Merging across Hierarchies                  ; Auto               ; Auto               ;
; Auto Clock Enable Replacement                                    ; On                 ; On                 ;
; Strict RAM Replacement                                           ; Off                ; Off                ;
; Allow Synchronous Control Signals                                ; On                 ; On                 ;
; Force Use of Synchronous Clear Signals                           ; Off                ; Off                ;
; Auto RAM Block Balancing                                         ; On                 ; On                 ;
; Auto RAM to Logic Cell Conversion                                ; Off                ; Off                ;
; Auto Resource Sharing                                            ; Off                ; Off                ;
; Allow Any RAM Size For Recognition                               ; Off                ; Off                ;
; Allow Any ROM Size For Recognition                               ; Off                ; Off                ;
; Allow Any Shift Register Size For Recognition                    ; Off                ; Off                ;
; Use LogicLock Constraints during Resource Balancing              ; On                 ; On                 ;
; Ignore translate_off and synthesis_off directives                ; Off                ; Off                ;
; Timing-Driven Synthesis                                          ; On                 ; On                 ;
; Report Parameter Settings                                        ; On                 ; On                 ;
; Report Source Assignments                                        ; On                 ; On                 ;
; Report Connectivity Checks                                       ; On                 ; On                 ;
; Ignore Maximum Fan-Out Assignments                               ; Off                ; Off                ;
; Synchronization Register Chain Length                            ; 2                  ; 2                  ;
; Power Optimization During Synthesis                              ; Normal compilation ; Normal compilation ;
; HDL message level                                                ; Level2             ; Level2             ;
; Suppress Register Optimization Related Messages                  ; Off                ; Off                ;
; Number of Removed Registers Reported in Synthesis Report         ; 5000               ; 5000               ;
; Number of Swept Nodes Reported in Synthesis Report               ; 5000               ; 5000               ;
; Number of Inverted Registers Reported in Synthesis Report        ; 100                ; 100                ;
; Clock MUX Protection                                             ; On                 ; On                 ;
; Auto Gated Clock Conversion                                      ; Off                ; Off                ;
; Block Design Naming                                              ; Auto               ; Auto               ;
; SDC constraint protection                                        ; Off                ; Off                ;
; Synthesis Effort                                                 ; Auto               ; Auto               ;
; Shift Register Replacement - Allow Asynchronous Clear Signal     ; On                 ; On                 ;
; Pre-Mapping Resynthesis Optimization                             ; Off                ; Off                ;
; Analysis & Synthesis Message Level                               ; Medium             ; Medium             ;
; Disable Register Merging Across Hierarchies                      ; Auto               ; Auto               ;
; Resource Aware Inference For Block RAM                           ; On                 ; On                 ;
+------------------------------------------------------------------+--------------------+--------------------+


+------------------------------------------+
; Parallel Compilation                     ;
+----------------------------+-------------+
; Processors                 ; Number      ;
+----------------------------+-------------+
; Number detected on machine ; 16          ;
; Maximum allowed            ; 16          ;
;                            ;             ;
; Average used               ; 1.00        ;
; Maximum used               ; 1           ;
;                            ;             ;
; Usage by Processor         ; % Time Used ;
;     Processor 1            ; 100.0%      ;
+----------------------------+-------------+


+---------------------------------------------------------------------------------------------------------------+
; Analysis & Synthesis Source Files Read                                                                        ;
+----------------------------------+-----------------+-----------------+------------------------------+---------+
; File Name with User-Entered Path ; Used in Netlist ; File Type       ; File Name with Absolute Path ; Library ;
+----------------------------------+-----------------+-----------------+------------------------------+---------+
; DUT.vhd                          ; yes             ; User VHDL File  ; C:/IIT/EE/Labs/Lab_6/DUT.vhd ;         ;
; ALU.vhd                          ; yes             ; User VHDL File  ; C:/IIT/EE/Labs/Lab_6/ALU.vhd ;         ;
+----------------------------------+-----------------+-----------------+------------------------------+---------+


+---------------------------------------------------------------------+
; Analysis & Synthesis Resource Usage Summary                         ;
+---------------------------------------------+-----------------------+
; Resource                                    ; Usage                 ;
+---------------------------------------------+-----------------------+
; Estimated Total logic elements              ; 44                    ;
;                                             ;                       ;
; Total combinational functions               ; 44                    ;
; Logic element usage by number of LUT inputs ;                       ;
;     -- 4 input functions                    ; 33                    ;
;     -- 3 input functions                    ; 9                     ;
;     -- <=2 input functions                  ; 2                     ;
;                                             ;                       ;
; Logic elements by mode                      ;                       ;
;     -- normal mode                          ; 44                    ;
;     -- arithmetic mode                      ; 0                     ;
;                                             ;                       ;
; Total registers                             ; 0                     ;
;     -- Dedicated logic registers            ; 0                     ;
;     -- I/O registers                        ; 0                     ;
;                                             ;                       ;
; I/O pins                                    ; 16                    ;
;                                             ;                       ;
; Embedded Multiplier 9-bit elements          ; 0                     ;
;                                             ;                       ;
; Maximum fan-out node                        ; input_vector[7]~input ;
; Maximum fan-out                             ; 20                    ;
; Total fan-out                               ; 187                   ;
; Average fan-out                             ; 2.46                  ;
+---------------------------------------------+-----------------------+


+------------------------------------------------------------------------------------------------------------------------------------------------------------------------------------------------------------------------------------------+
; Analysis & Synthesis Resource Utilization by Entity                                                                                                                                                                                      ;
+----------------------------+---------------------+---------------------------+-------------+------------+--------------+---------+-----------+------+--------------+------------+---------------------------+-------------+--------------+
; Compilation Hierarchy Node ; Combinational ALUTs ; Dedicated Logic Registers ; Memory Bits ; UFM Blocks ; DSP Elements ; DSP 9x9 ; DSP 18x18 ; Pins ; Virtual Pins ; ADC blocks ; Full Hierarchy Name       ; Entity Name ; Library Name ;
+----------------------------+---------------------+---------------------------+-------------+------------+--------------+---------+-----------+------+--------------+------------+---------------------------+-------------+--------------+
; |DUT                       ; 44 (0)              ; 0 (0)                     ; 0           ; 0          ; 0            ; 0       ; 0         ; 16   ; 0            ; 0          ; |DUT                      ; DUT         ; work         ;
;    |alu_beh:add_instance|  ; 44 (44)             ; 0 (0)                     ; 0           ; 0          ; 0            ; 0       ; 0         ; 0    ; 0            ; 0          ; |DUT|alu_beh:add_instance ; alu_beh     ; work         ;
+----------------------------+---------------------+---------------------------+-------------+------------+--------------+---------+-----------+------+--------------+------------+---------------------------+-------------+--------------+
Note: For table entries with two numbers listed, the numbers in parentheses indicate the number of resources of the given type used by the specific entity alone. The numbers listed outside of parentheses indicate the total resources of the given type used by the specific entity and all of its sub-entities in the hierarchy.


+------------------------------------------------------+
; General Register Statistics                          ;
+----------------------------------------------+-------+
; Statistic                                    ; Value ;
+----------------------------------------------+-------+
; Total registers                              ; 0     ;
; Number of registers using Synchronous Clear  ; 0     ;
; Number of registers using Synchronous Load   ; 0     ;
; Number of registers using Asynchronous Clear ; 0     ;
; Number of registers using Asynchronous Load  ; 0     ;
; Number of registers using Clock Enable       ; 0     ;
; Number of registers using Preset             ; 0     ;
+----------------------------------------------+-------+


+-----------------------------------------------------------------------------------------------------------------------------------------------+
; Multiplexer Restructuring Statistics (Restructuring Performed)                                                                                ;
+--------------------+-----------+---------------+----------------------+------------------------+------------+---------------------------------+
; Multiplexer Inputs ; Bus Width ; Baseline Area ; Area if Restructured ; Saving if Restructured ; Registered ; Example Multiplexer Output      ;
+--------------------+-----------+---------------+----------------------+------------------------+------------+---------------------------------+
; 5:1                ; 3 bits    ; 9 LEs         ; 6 LEs                ; 3 LEs                  ; No         ; |DUT|alu_beh:add_instance|op[4] ;
; 5:1                ; 2 bits    ; 6 LEs         ; 6 LEs                ; 0 LEs                  ; No         ; |DUT|alu_beh:add_instance|op[1] ;
+--------------------+-----------+---------------+----------------------+------------------------+------------+---------------------------------+


+-------------------------------------------------------------------+
; Parameter Settings for User Entity Instance: alu_beh:add_instance ;
+----------------+-------+------------------------------------------+
; Parameter Name ; Value ; Type                                     ;
+----------------+-------+------------------------------------------+
; operand_width  ; 4     ; Signed Integer                           ;
+----------------+-------+------------------------------------------+
Note: In order to hide this table in the UI and the text report file, please set the "Show Parameter Settings in Synthesis Report" option in "Analysis and Synthesis Settings -> More Settings" to "Off".


+-----------------------------------------------------+
; Post-Synthesis Netlist Statistics for Top Partition ;
+-----------------------+-----------------------------+
; Type                  ; Count                       ;
+-----------------------+-----------------------------+
; boundary_port         ; 16                          ;
; cycloneiii_lcell_comb ; 44                          ;
;     normal            ; 44                          ;
;         2 data inputs ; 2                           ;
;         3 data inputs ; 9                           ;
;         4 data inputs ; 33                          ;
;                       ;                             ;
; Max LUT depth         ; 4.00                        ;
; Average LUT depth     ; 3.46                        ;
+-----------------------+-----------------------------+


+-------------------------------+
; Elapsed Time Per Partition    ;
+----------------+--------------+
; Partition Name ; Elapsed Time ;
+----------------+--------------+
; Top            ; 00:00:00     ;
+----------------+--------------+


+-------------------------------+
; Analysis & Synthesis Messages ;
+-------------------------------+
Info: *******************************************************************
Info: Running Quartus Prime Analysis & Synthesis
    Info: Version 20.1.1 Build 720 11/11/2020 SJ Lite Edition
    Info: Processing started: Thu Sep 08 21:19:05 2022
Info: Command: quartus_map --read_settings_files=on --write_settings_files=off Expt -c Expt
Warning (18236): Number of processors has not been specified which may cause overloading on shared machines.  Set the global assignment NUM_PARALLEL_PROCESSORS in your QSF to an appropriate value for best performance.
Info (20030): Parallel compilation is enabled and will use 16 of the 16 processors detected
Info (12021): Found 2 design units, including 1 entities, in source file multiplier.vhd
    Info (12022): Found design unit 1: Multiplier-Struct File: C:/IIT/EE/Labs/Lab_6/Multiplier.vhd Line: 10
    Info (12023): Found entity 1: Multiplier File: C:/IIT/EE/Labs/Lab_6/Multiplier.vhd Line: 6
Info (12021): Found 2 design units, including 1 entities, in source file add_sub_4bit.vhd
    Info (12022): Found design unit 1: Add_Sub-Struct File: C:/IIT/EE/Labs/Lab_6/Add_Sub_4bit.vhd Line: 10
    Info (12023): Found entity 1: Add_Sub File: C:/IIT/EE/Labs/Lab_6/Add_Sub_4bit.vhd Line: 6
Info (12021): Found 2 design units, including 1 entities, in source file full_adder.vhd
    Info (12022): Found design unit 1: FULL_ADDER-Struct File: C:/IIT/EE/Labs/Lab_6/Full_adder.vhd Line: 10
    Info (12023): Found entity 1: FULL_ADDER File: C:/IIT/EE/Labs/Lab_6/Full_adder.vhd Line: 6
Info (12021): Found 2 design units, including 1 entities, in source file dut.vhd
    Info (12022): Found design unit 1: DUT-DutWrap File: C:/IIT/EE/Labs/Lab_6/DUT.vhd Line: 12
    Info (12023): Found entity 1: DUT File: C:/IIT/EE/Labs/Lab_6/DUT.vhd Line: 7
Info (12021): Found 17 design units, including 8 entities, in source file gates.vhd
    Info (12022): Found design unit 1: Gates File: C:/IIT/EE/Labs/Lab_6/Gates.vhd Line: 7
    Info (12022): Found design unit 2: INVERTER-Equations File: C:/IIT/EE/Labs/Lab_6/Gates.vhd Line: 49
    Info (12022): Found design unit 3: AND_2-Equations File: C:/IIT/EE/Labs/Lab_6/Gates.vhd Line: 61
    Info (12022): Found design unit 4: NAND_2-Equations File: C:/IIT/EE/Labs/Lab_6/Gates.vhd Line: 72
    Info (12022): Found design unit 5: OR_2-Equations File: C:/IIT/EE/Labs/Lab_6/Gates.vhd Line: 83
    Info (12022): Found design unit 6: NOR_2-Equations File: C:/IIT/EE/Labs/Lab_6/Gates.vhd Line: 94
    Info (12022): Found design unit 7: XOR_2-Equations File: C:/IIT/EE/Labs/Lab_6/Gates.vhd Line: 106
    Info (12022): Found design unit 8: XNOR_2-Equations File: C:/IIT/EE/Labs/Lab_6/Gates.vhd Line: 117
    Info (12022): Found design unit 9: HALF_ADDER-Equations File: C:/IIT/EE/Labs/Lab_6/Gates.vhd Line: 128
    Info (12023): Found entity 1: INVERTER File: C:/IIT/EE/Labs/Lab_6/Gates.vhd Line: 45
    Info (12023): Found entity 2: AND_2 File: C:/IIT/EE/Labs/Lab_6/Gates.vhd Line: 57
    Info (12023): Found entity 3: NAND_2 File: C:/IIT/EE/Labs/Lab_6/Gates.vhd Line: 68
    Info (12023): Found entity 4: OR_2 File: C:/IIT/EE/Labs/Lab_6/Gates.vhd Line: 79
    Info (12023): Found entity 5: NOR_2 File: C:/IIT/EE/Labs/Lab_6/Gates.vhd Line: 90
    Info (12023): Found entity 6: XOR_2 File: C:/IIT/EE/Labs/Lab_6/Gates.vhd Line: 102
    Info (12023): Found entity 7: XNOR_2 File: C:/IIT/EE/Labs/Lab_6/Gates.vhd Line: 113
    Info (12023): Found entity 8: HALF_ADDER File: C:/IIT/EE/Labs/Lab_6/Gates.vhd Line: 124
Info (12021): Found 2 design units, including 1 entities, in source file alu.vhd
    Info (12022): Found design unit 1: alu_beh-a1 File: C:/IIT/EE/Labs/Lab_6/ALU.vhd Line: 13
    Info (12023): Found entity 1: alu_beh File: C:/IIT/EE/Labs/Lab_6/ALU.vhd Line: 4
Info (12021): Found 2 design units, including 1 entities, in source file testbench.vhd
    Info (12022): Found design unit 1: Testbench-Behave File: C:/IIT/EE/Labs/Lab_6/Testbench.vhd Line: 9
    Info (12023): Found entity 1: Testbench File: C:/IIT/EE/Labs/Lab_6/Testbench.vhd Line: 7
Info (12127): Elaborating entity "DUT" for the top level hierarchy
Info (12128): Elaborating entity "alu_beh" for hierarchy "alu_beh:add_instance" File: C:/IIT/EE/Labs/Lab_6/DUT.vhd Line: 27
Warning (10542): VHDL Variable Declaration warning at ALU.vhd(43): used initial value expression for variable "add_1" because variable was never assigned a value File: C:/IIT/EE/Labs/Lab_6/ALU.vhd Line: 43
Warning (10631): VHDL Process Statement warning at ALU.vhd(126): inferring latch(es) for signal or variable "op", which holds its previous value in one or more paths through the process File: C:/IIT/EE/Labs/Lab_6/ALU.vhd Line: 126
Info (10041): Inferred latch for "op[0]" at ALU.vhd(126) File: C:/IIT/EE/Labs/Lab_6/ALU.vhd Line: 126
Info (10041): Inferred latch for "op[1]" at ALU.vhd(126) File: C:/IIT/EE/Labs/Lab_6/ALU.vhd Line: 126
Info (10041): Inferred latch for "op[2]" at ALU.vhd(126) File: C:/IIT/EE/Labs/Lab_6/ALU.vhd Line: 126
Info (10041): Inferred latch for "op[3]" at ALU.vhd(126) File: C:/IIT/EE/Labs/Lab_6/ALU.vhd Line: 126
Info (10041): Inferred latch for "op[4]" at ALU.vhd(126) File: C:/IIT/EE/Labs/Lab_6/ALU.vhd Line: 126
Info (10041): Inferred latch for "op[5]" at ALU.vhd(126) File: C:/IIT/EE/Labs/Lab_6/ALU.vhd Line: 126
Info (10041): Inferred latch for "op[6]" at ALU.vhd(126) File: C:/IIT/EE/Labs/Lab_6/ALU.vhd Line: 126
Info (10041): Inferred latch for "op[7]" at ALU.vhd(126) File: C:/IIT/EE/Labs/Lab_6/ALU.vhd Line: 126
Warning (14026): LATCH primitive "alu_beh:add_instance|op[0]" is permanently enabled File: C:/IIT/EE/Labs/Lab_6/ALU.vhd Line: 126
Warning (14026): LATCH primitive "alu_beh:add_instance|op[1]" is permanently enabled File: C:/IIT/EE/Labs/Lab_6/ALU.vhd Line: 126
Warning (14026): LATCH primitive "alu_beh:add_instance|op[2]" is permanently enabled File: C:/IIT/EE/Labs/Lab_6/ALU.vhd Line: 126
Warning (14026): LATCH primitive "alu_beh:add_instance|op[3]" is permanently enabled File: C:/IIT/EE/Labs/Lab_6/ALU.vhd Line: 126
Warning (14026): LATCH primitive "alu_beh:add_instance|op[4]" is permanently enabled File: C:/IIT/EE/Labs/Lab_6/ALU.vhd Line: 126
Warning (14026): LATCH primitive "alu_beh:add_instance|op[5]" is permanently enabled File: C:/IIT/EE/Labs/Lab_6/ALU.vhd Line: 126
Warning (14026): LATCH primitive "alu_beh:add_instance|op[6]" is permanently enabled File: C:/IIT/EE/Labs/Lab_6/ALU.vhd Line: 126
Warning (14026): LATCH primitive "alu_beh:add_instance|op[7]" is permanently enabled File: C:/IIT/EE/Labs/Lab_6/ALU.vhd Line: 126
Info (286030): Timing-Driven Synthesis is running
Info (16010): Generating hard_block partition "hard_block:auto_generated_inst"
    Info (16011): Adding 0 node(s), including 0 DDIO, 0 PLL, 0 transceiver and 0 LCELL
Info (21057): Implemented 60 device resources after synthesis - the final resource count might be different
    Info (21058): Implemented 8 input pins
    Info (21059): Implemented 8 output pins
    Info (21061): Implemented 44 logic cells
Info: Quartus Prime Analysis & Synthesis was successful. 0 errors, 11 warnings
    Info: Peak virtual memory: 4795 megabytes
    Info: Processing ended: Thu Sep 08 21:19:13 2022
    Info: Elapsed time: 00:00:08
    Info: Total CPU time (on all processors): 00:00:17


