Analysis & Synthesis report for ZNV00
Wed Sep 21 20:21:00 2022
Quartus Prime Version 20.1.1 Build 720 11/11/2020 SJ Lite Edition


---------------------
; Table of Contents ;
---------------------
  1. Legal Notice
  2. Analysis & Synthesis Summary
  3. Analysis & Synthesis Settings
  4. Parallel Compilation
  5. Analysis & Synthesis Source Files Read
  6. Analysis & Synthesis Resource Usage Summary
  7. Analysis & Synthesis Resource Utilization by Entity
  8. General Register Statistics
  9. Port Connectivity Checks: "Sub:add_instance|FULL_ADDER:FA_0"
 10. Port Connectivity Checks: "Sub:add_instance|FULL_ADDER:FA_3"
 11. Port Connectivity Checks: "Sub:add_instance|FULL_ADDER:FA0"
 12. Port Connectivity Checks: "Sub:add_instance|FULL_ADDER:FA1"
 13. Port Connectivity Checks: "Sub:add_instance|FULL_ADDER:FA2"
 14. Port Connectivity Checks: "Sub:add_instance|FULL_ADDER:FA3"
 15. Post-Synthesis Netlist Statistics for Top Partition
 16. Elapsed Time Per Partition
 17. Analysis & Synthesis Messages



----------------
; Legal Notice ;
----------------
Copyright (C) 2020  Intel Corporation. All rights reserved.
Your use of Intel Corporation's design tools, logic functions 
and other software and tools, and any partner logic 
functions, and any output files from any of the foregoing 
(including device programming or simulation files), and any 
associated documentation or information are expressly subject 
to the terms and conditions of the Intel Program License 
Subscription Agreement, the Intel Quartus Prime License Agreement,
the Intel FPGA IP License Agreement, or other applicable license
agreement, including, without limitation, that your use is for
the sole purpose of programming logic devices manufactured by
Intel and sold by Intel or its authorized distributors.  Please
refer to the applicable agreement for further details, at
https://fpgasoftware.intel.com/eula.



+----------------------------------------------------------------------------------+
; Analysis & Synthesis Summary                                                     ;
+------------------------------------+---------------------------------------------+
; Analysis & Synthesis Status        ; Successful - Wed Sep 21 20:21:00 2022       ;
; Quartus Prime Version              ; 20.1.1 Build 720 11/11/2020 SJ Lite Edition ;
; Revision Name                      ; ZNV00                                       ;
; Top-level Entity Name              ; DUT                                         ;
; Family                             ; MAX 10                                      ;
; Total logic elements               ; 9                                           ;
;     Total combinational functions  ; 9                                           ;
;     Dedicated logic registers      ; 0                                           ;
; Total registers                    ; 0                                           ;
; Total pins                         ; 13                                          ;
; Total virtual pins                 ; 0                                           ;
; Total memory bits                  ; 0                                           ;
; Embedded Multiplier 9-bit elements ; 0                                           ;
; Total PLLs                         ; 0                                           ;
; UFM blocks                         ; 0                                           ;
; ADC blocks                         ; 0                                           ;
+------------------------------------+---------------------------------------------+


+------------------------------------------------------------------------------------------------------------+
; Analysis & Synthesis Settings                                                                              ;
+------------------------------------------------------------------+--------------------+--------------------+
; Option                                                           ; Setting            ; Default Value      ;
+------------------------------------------------------------------+--------------------+--------------------+
; Device                                                           ; 10M25SAE144C8G     ;                    ;
; Top-level entity name                                            ; DUT                ; ZNV00              ;
; Family name                                                      ; MAX 10             ; Cyclone V          ;
; Use smart compilation                                            ; Off                ; Off                ;
; Enable parallel Assembler and Timing Analyzer during compilation ; On                 ; On                 ;
; Enable compact report table                                      ; Off                ; Off                ;
; Restructure Multiplexers                                         ; Auto               ; Auto               ;
; Create Debugging Nodes for IP Cores                              ; Off                ; Off                ;
; Preserve fewer node names                                        ; On                 ; On                 ;
; Intel FPGA IP Evaluation Mode                                    ; Enable             ; Enable             ;
; Verilog Version                                                  ; Verilog_2001       ; Verilog_2001       ;
; VHDL Version                                                     ; VHDL_1993          ; VHDL_1993          ;
; State Machine Processing                                         ; Auto               ; Auto               ;
; Safe State Machine                                               ; Off                ; Off                ;
; Extract Verilog State Machines                                   ; On                 ; On                 ;
; Extract VHDL State Machines                                      ; On                 ; On                 ;
; Ignore Verilog initial constructs                                ; Off                ; Off                ;
; Iteration limit for constant Verilog loops                       ; 5000               ; 5000               ;
; Iteration limit for non-constant Verilog loops                   ; 250                ; 250                ;
; Add Pass-Through Logic to Inferred RAMs                          ; On                 ; On                 ;
; Infer RAMs from Raw Logic                                        ; On                 ; On                 ;
; Parallel Synthesis                                               ; On                 ; On                 ;
; DSP Block Balancing                                              ; Auto               ; Auto               ;
; NOT Gate Push-Back                                               ; On                 ; On                 ;
; Power-Up Don't Care                                              ; On                 ; On                 ;
; Remove Redundant Logic Cells                                     ; Off                ; Off                ;
; Remove Duplicate Registers                                       ; On                 ; On                 ;
; Ignore CARRY Buffers                                             ; Off                ; Off                ;
; Ignore CASCADE Buffers                                           ; Off                ; Off                ;
; Ignore GLOBAL Buffers                                            ; Off                ; Off                ;
; Ignore ROW GLOBAL Buffers                                        ; Off                ; Off                ;
; Ignore LCELL Buffers                                             ; Off                ; Off                ;
; Ignore SOFT Buffers                                              ; On                 ; On                 ;
; Limit AHDL Integers to 32 Bits                                   ; Off                ; Off                ;
; Optimization Technique                                           ; Balanced           ; Balanced           ;
; Carry Chain Length                                               ; 70                 ; 70                 ;
; Auto Carry Chains                                                ; On                 ; On                 ;
; Auto Open-Drain Pins                                             ; On                 ; On                 ;
; Perform WYSIWYG Primitive Resynthesis                            ; Off                ; Off                ;
; Auto ROM Replacement                                             ; On                 ; On                 ;
; Auto RAM Replacement                                             ; On                 ; On                 ;
; Auto DSP Block Replacement                                       ; On                 ; On                 ;
; Auto Shift Register Replacement                                  ; Auto               ; Auto               ;
; Allow Shift Register Merging across Hierarchies                  ; Auto               ; Auto               ;
; Auto Clock Enable Replacement                                    ; On                 ; On                 ;
; Strict RAM Replacement                                           ; Off                ; Off                ;
; Allow Synchronous Control Signals                                ; On                 ; On                 ;
; Force Use of Synchronous Clear Signals                           ; Off                ; Off                ;
; Auto RAM Block Balancing                                         ; On                 ; On                 ;
; Auto RAM to Logic Cell Conversion                                ; Off                ; Off                ;
; Auto Resource Sharing                                            ; Off                ; Off                ;
; Allow Any RAM Size For Recognition                               ; Off                ; Off                ;
; Allow Any ROM Size For Recognition                               ; Off                ; Off                ;
; Allow Any Shift Register Size For Recognition                    ; Off                ; Off                ;
; Use LogicLock Constraints during Resource Balancing              ; On                 ; On                 ;
; Ignore translate_off and synthesis_off directives                ; Off                ; Off                ;
; Timing-Driven Synthesis                                          ; On                 ; On                 ;
; Report Parameter Settings                                        ; On                 ; On                 ;
; Report Source Assignments                                        ; On                 ; On                 ;
; Report Connectivity Checks                                       ; On                 ; On                 ;
; Ignore Maximum Fan-Out Assignments                               ; Off                ; Off                ;
; Synchronization Register Chain Length                            ; 2                  ; 2                  ;
; Power Optimization During Synthesis                              ; Normal compilation ; Normal compilation ;
; HDL message level                                                ; Level2             ; Level2             ;
; Suppress Register Optimization Related Messages                  ; Off                ; Off                ;
; Number of Removed Registers Reported in Synthesis Report         ; 5000               ; 5000               ;
; Number of Swept Nodes Reported in Synthesis Report               ; 5000               ; 5000               ;
; Number of Inverted Registers Reported in Synthesis Report        ; 100                ; 100                ;
; Clock MUX Protection                                             ; On                 ; On                 ;
; Auto Gated Clock Conversion                                      ; Off                ; Off                ;
; Block Design Naming                                              ; Auto               ; Auto               ;
; SDC constraint protection                                        ; Off                ; Off                ;
; Synthesis Effort                                                 ; Auto               ; Auto               ;
; Shift Register Replacement - Allow Asynchronous Clear Signal     ; On                 ; On                 ;
; Pre-Mapping Resynthesis Optimization                             ; Off                ; Off                ;
; Analysis & Synthesis Message Level                               ; Medium             ; Medium             ;
; Disable Register Merging Across Hierarchies                      ; Auto               ; Auto               ;
; Resource Aware Inference For Block RAM                           ; On                 ; On                 ;
+------------------------------------------------------------------+--------------------+--------------------+


+------------------------------------------+
; Parallel Compilation                     ;
+----------------------------+-------------+
; Processors                 ; Number      ;
+----------------------------+-------------+
; Number detected on machine ; 16          ;
; Maximum allowed            ; 16          ;
;                            ;             ;
; Average used               ; 1.00        ;
; Maximum used               ; 1           ;
;                            ;             ;
; Usage by Processor         ; % Time Used ;
;     Processor 1            ; 100.0%      ;
+----------------------------+-------------+


+----------------------------------------------------------------------------------------------------------------+
; Analysis & Synthesis Source Files Read                                                                         ;
+----------------------------------+-----------------+-----------------+-------------------------------+---------+
; File Name with User-Entered Path ; Used in Netlist ; File Type       ; File Name with Absolute Path  ; Library ;
+----------------------------------+-----------------+-----------------+-------------------------------+---------+
; DUT.vhd                          ; yes             ; User VHDL File  ; C:/IIT/EE/ZNV00/DUT.vhd       ;         ;
; Gates.vhd                        ; yes             ; User VHDL File  ; C:/IIT/EE/ZNV00/Gates.vhd     ;         ;
; Sub_Flags.vhd                    ; yes             ; User VHDL File  ; C:/IIT/EE/ZNV00/Sub_Flags.vhd ;         ;
+----------------------------------+-----------------+-----------------+-------------------------------+---------+


+------------------------------------------------------------------------------------+
; Analysis & Synthesis Resource Usage Summary                                        ;
+---------------------------------------------+--------------------------------------+
; Resource                                    ; Usage                                ;
+---------------------------------------------+--------------------------------------+
; Estimated Total logic elements              ; 9                                    ;
;                                             ;                                      ;
; Total combinational functions               ; 9                                    ;
; Logic element usage by number of LUT inputs ;                                      ;
;     -- 4 input functions                    ; 6                                    ;
;     -- 3 input functions                    ; 1                                    ;
;     -- <=2 input functions                  ; 2                                    ;
;                                             ;                                      ;
; Logic elements by mode                      ;                                      ;
;     -- normal mode                          ; 9                                    ;
;     -- arithmetic mode                      ; 0                                    ;
;                                             ;                                      ;
; Total registers                             ; 0                                    ;
;     -- Dedicated logic registers            ; 0                                    ;
;     -- I/O registers                        ; 0                                    ;
;                                             ;                                      ;
; I/O pins                                    ; 13                                   ;
;                                             ;                                      ;
; Embedded Multiplier 9-bit elements          ; 0                                    ;
;                                             ;                                      ;
; Maximum fan-out node                        ; Sub:add_instance|FULL_ADDER:FA1|Co~0 ;
; Maximum fan-out                             ; 3                                    ;
; Total fan-out                               ; 47                                   ;
; Average fan-out                             ; 1.34                                 ;
+---------------------------------------------+--------------------------------------+


+------------------------------------------------------------------------------------------------------------------------------------------------------------------------------------------------------------------------------------------------------+
; Analysis & Synthesis Resource Utilization by Entity                                                                                                                                                                                                  ;
+----------------------------+---------------------+---------------------------+-------------+------------+--------------+---------+-----------+------+--------------+------------+---------------------------------------+-------------+--------------+
; Compilation Hierarchy Node ; Combinational ALUTs ; Dedicated Logic Registers ; Memory Bits ; UFM Blocks ; DSP Elements ; DSP 9x9 ; DSP 18x18 ; Pins ; Virtual Pins ; ADC blocks ; Full Hierarchy Name                   ; Entity Name ; Library Name ;
+----------------------------+---------------------+---------------------------+-------------+------------+--------------+---------+-----------+------+--------------+------------+---------------------------------------+-------------+--------------+
; |DUT                       ; 9 (0)               ; 0 (0)                     ; 0           ; 0          ; 0            ; 0       ; 0         ; 13   ; 0            ; 0          ; |DUT                                  ; DUT         ; work         ;
;    |Sub:add_instance|      ; 9 (0)               ; 0 (0)                     ; 0           ; 0          ; 0            ; 0       ; 0         ; 0    ; 0            ; 0          ; |DUT|Sub:add_instance                 ; Sub         ; work         ;
;       |AND_2:AND1|         ; 1 (1)               ; 0 (0)                     ; 0           ; 0          ; 0            ; 0       ; 0         ; 0    ; 0            ; 0          ; |DUT|Sub:add_instance|AND_2:AND1      ; AND_2       ; work         ;
;       |FULL_ADDER:FA1|     ; 1 (1)               ; 0 (0)                     ; 0           ; 0          ; 0            ; 0       ; 0         ; 0    ; 0            ; 0          ; |DUT|Sub:add_instance|FULL_ADDER:FA1  ; FULL_ADDER  ; work         ;
;       |FULL_ADDER:FA_1|    ; 1 (1)               ; 0 (0)                     ; 0           ; 0          ; 0            ; 0       ; 0         ; 0    ; 0            ; 0          ; |DUT|Sub:add_instance|FULL_ADDER:FA_1 ; FULL_ADDER  ; work         ;
;       |FULL_ADDER:FA_2|    ; 2 (2)               ; 0 (0)                     ; 0           ; 0          ; 0            ; 0       ; 0         ; 0    ; 0            ; 0          ; |DUT|Sub:add_instance|FULL_ADDER:FA_2 ; FULL_ADDER  ; work         ;
;       |FULL_ADDER:FA_3|    ; 2 (2)               ; 0 (0)                     ; 0           ; 0          ; 0            ; 0       ; 0         ; 0    ; 0            ; 0          ; |DUT|Sub:add_instance|FULL_ADDER:FA_3 ; FULL_ADDER  ; work         ;
;       |OR_2:OR3|           ; 2 (2)               ; 0 (0)                     ; 0           ; 0          ; 0            ; 0       ; 0         ; 0    ; 0            ; 0          ; |DUT|Sub:add_instance|OR_2:OR3        ; OR_2        ; work         ;
+----------------------------+---------------------+---------------------------+-------------+------------+--------------+---------+-----------+------+--------------+------------+---------------------------------------+-------------+--------------+
Note: For table entries with two numbers listed, the numbers in parentheses indicate the number of resources of the given type used by the specific entity alone. The numbers listed outside of parentheses indicate the total resources of the given type used by the specific entity and all of its sub-entities in the hierarchy.


+------------------------------------------------------+
; General Register Statistics                          ;
+----------------------------------------------+-------+
; Statistic                                    ; Value ;
+----------------------------------------------+-------+
; Total registers                              ; 0     ;
; Number of registers using Synchronous Clear  ; 0     ;
; Number of registers using Synchronous Load   ; 0     ;
; Number of registers using Asynchronous Clear ; 0     ;
; Number of registers using Asynchronous Load  ; 0     ;
; Number of registers using Clock Enable       ; 0     ;
; Number of registers using Preset             ; 0     ;
+----------------------------------------------+-------+


+--------------------------------------------------------------+
; Port Connectivity Checks: "Sub:add_instance|FULL_ADDER:FA_0" ;
+------+-------+----------+------------------------------------+
; Port ; Type  ; Severity ; Details                            ;
+------+-------+----------+------------------------------------+
; ci   ; Input ; Info     ; Stuck at GND                       ;
+------+-------+----------+------------------------------------+


+----------------------------------------------------------------------------------------------------------------+
; Port Connectivity Checks: "Sub:add_instance|FULL_ADDER:FA_3"                                                   ;
+------+--------+----------+-------------------------------------------------------------------------------------+
; Port ; Type   ; Severity ; Details                                                                             ;
+------+--------+----------+-------------------------------------------------------------------------------------+
; co   ; Output ; Info     ; Connected to dangling logic. Logic that only feeds a dangling port will be removed. ;
+------+--------+----------+-------------------------------------------------------------------------------------+


+-------------------------------------------------------------+
; Port Connectivity Checks: "Sub:add_instance|FULL_ADDER:FA0" ;
+------+-------+----------+-----------------------------------+
; Port ; Type  ; Severity ; Details                           ;
+------+-------+----------+-----------------------------------+
; b    ; Input ; Info     ; Stuck at VCC                      ;
; ci   ; Input ; Info     ; Stuck at GND                      ;
+------+-------+----------+-----------------------------------+


+-------------------------------------------------------------+
; Port Connectivity Checks: "Sub:add_instance|FULL_ADDER:FA1" ;
+------+-------+----------+-----------------------------------+
; Port ; Type  ; Severity ; Details                           ;
+------+-------+----------+-----------------------------------+
; b    ; Input ; Info     ; Stuck at GND                      ;
+------+-------+----------+-----------------------------------+


+-------------------------------------------------------------+
; Port Connectivity Checks: "Sub:add_instance|FULL_ADDER:FA2" ;
+------+-------+----------+-----------------------------------+
; Port ; Type  ; Severity ; Details                           ;
+------+-------+----------+-----------------------------------+
; b    ; Input ; Info     ; Stuck at GND                      ;
+------+-------+----------+-----------------------------------+


+----------------------------------------------------------------------------------------------------------------+
; Port Connectivity Checks: "Sub:add_instance|FULL_ADDER:FA3"                                                    ;
+------+--------+----------+-------------------------------------------------------------------------------------+
; Port ; Type   ; Severity ; Details                                                                             ;
+------+--------+----------+-------------------------------------------------------------------------------------+
; b    ; Input  ; Info     ; Stuck at GND                                                                        ;
; co   ; Output ; Info     ; Connected to dangling logic. Logic that only feeds a dangling port will be removed. ;
+------+--------+----------+-------------------------------------------------------------------------------------+


+-----------------------------------------------------+
; Post-Synthesis Netlist Statistics for Top Partition ;
+-----------------------+-----------------------------+
; Type                  ; Count                       ;
+-----------------------+-----------------------------+
; boundary_port         ; 13                          ;
; cycloneiii_lcell_comb ; 12                          ;
;     normal            ; 12                          ;
;         0 data inputs ; 1                           ;
;         1 data inputs ; 2                           ;
;         2 data inputs ; 2                           ;
;         3 data inputs ; 1                           ;
;         4 data inputs ; 6                           ;
;                       ;                             ;
; Max LUT depth         ; 5.00                        ;
; Average LUT depth     ; 4.20                        ;
+-----------------------+-----------------------------+


+-------------------------------+
; Elapsed Time Per Partition    ;
+----------------+--------------+
; Partition Name ; Elapsed Time ;
+----------------+--------------+
; Top            ; 00:00:00     ;
+----------------+--------------+


+-------------------------------+
; Analysis & Synthesis Messages ;
+-------------------------------+
Info: *******************************************************************
Info: Running Quartus Prime Analysis & Synthesis
    Info: Version 20.1.1 Build 720 11/11/2020 SJ Lite Edition
    Info: Processing started: Wed Sep 21 20:20:52 2022
Info: Command: quartus_map --read_settings_files=on --write_settings_files=off ZNV00 -c ZNV00
Warning (18236): Number of processors has not been specified which may cause overloading on shared machines.  Set the global assignment NUM_PARALLEL_PROCESSORS in your QSF to an appropriate value for best performance.
Info (20030): Parallel compilation is enabled and will use 16 of the 16 processors detected
Warning (12019): Can't analyze file -- file DUT'.vhd is missing
Info (12021): Found 2 design units, including 1 entities, in source file dut.vhd
    Info (12022): Found design unit 1: DUT-DutWrap File: C:/IIT/EE/ZNV00/DUT.vhd Line: 12
    Info (12023): Found entity 1: DUT File: C:/IIT/EE/ZNV00/DUT.vhd Line: 7
Info (12021): Found 19 design units, including 9 entities, in source file gates.vhd
    Info (12022): Found design unit 1: Gates File: C:/IIT/EE/ZNV00/Gates.vhd Line: 7
    Info (12022): Found design unit 2: INVERTER-Equations File: C:/IIT/EE/ZNV00/Gates.vhd Line: 53
    Info (12022): Found design unit 3: AND_2-Equations File: C:/IIT/EE/ZNV00/Gates.vhd Line: 65
    Info (12022): Found design unit 4: NAND_2-Equations File: C:/IIT/EE/ZNV00/Gates.vhd Line: 76
    Info (12022): Found design unit 5: OR_2-Equations File: C:/IIT/EE/ZNV00/Gates.vhd Line: 87
    Info (12022): Found design unit 6: NOR_2-Equations File: C:/IIT/EE/ZNV00/Gates.vhd Line: 98
    Info (12022): Found design unit 7: XOR_2-Equations File: C:/IIT/EE/ZNV00/Gates.vhd Line: 110
    Info (12022): Found design unit 8: XNOR_2-Equations File: C:/IIT/EE/ZNV00/Gates.vhd Line: 121
    Info (12022): Found design unit 9: HALF_ADDER-Equations File: C:/IIT/EE/ZNV00/Gates.vhd Line: 132
    Info (12022): Found design unit 10: FULL_ADDER-Equations File: C:/IIT/EE/ZNV00/Gates.vhd Line: 144
    Info (12023): Found entity 1: INVERTER File: C:/IIT/EE/ZNV00/Gates.vhd Line: 49
    Info (12023): Found entity 2: AND_2 File: C:/IIT/EE/ZNV00/Gates.vhd Line: 61
    Info (12023): Found entity 3: NAND_2 File: C:/IIT/EE/ZNV00/Gates.vhd Line: 72
    Info (12023): Found entity 4: OR_2 File: C:/IIT/EE/ZNV00/Gates.vhd Line: 83
    Info (12023): Found entity 5: NOR_2 File: C:/IIT/EE/ZNV00/Gates.vhd Line: 94
    Info (12023): Found entity 6: XOR_2 File: C:/IIT/EE/ZNV00/Gates.vhd Line: 106
    Info (12023): Found entity 7: XNOR_2 File: C:/IIT/EE/ZNV00/Gates.vhd Line: 117
    Info (12023): Found entity 8: HALF_ADDER File: C:/IIT/EE/ZNV00/Gates.vhd Line: 128
    Info (12023): Found entity 9: FULL_ADDER File: C:/IIT/EE/ZNV00/Gates.vhd Line: 140
Info (12021): Found 2 design units, including 1 entities, in source file sub_flags.vhd
    Info (12022): Found design unit 1: Sub-Struct File: C:/IIT/EE/ZNV00/Sub_Flags.vhd Line: 10
    Info (12023): Found entity 1: Sub File: C:/IIT/EE/ZNV00/Sub_Flags.vhd Line: 6
Info (12021): Found 2 design units, including 1 entities, in source file testbench.vhd
    Info (12022): Found design unit 1: Testbench-Behave File: C:/IIT/EE/ZNV00/Testbench.vhd Line: 9
    Info (12023): Found entity 1: Testbench File: C:/IIT/EE/ZNV00/Testbench.vhd Line: 7
Info (12127): Elaborating entity "DUT" for the top level hierarchy
Info (12128): Elaborating entity "Sub" for hierarchy "Sub:add_instance" File: C:/IIT/EE/ZNV00/DUT.vhd Line: 20
Warning (10036): Verilog HDL or VHDL warning at Sub_Flags.vhd(11): object "C4" assigned a value but never read File: C:/IIT/EE/ZNV00/Sub_Flags.vhd Line: 11
Warning (10036): Verilog HDL or VHDL warning at Sub_Flags.vhd(11): object "C_4" assigned a value but never read File: C:/IIT/EE/ZNV00/Sub_Flags.vhd Line: 11
Info (12128): Elaborating entity "INVERTER" for hierarchy "Sub:add_instance|INVERTER:NOT3" File: C:/IIT/EE/ZNV00/Sub_Flags.vhd Line: 13
Info (12128): Elaborating entity "FULL_ADDER" for hierarchy "Sub:add_instance|FULL_ADDER:FA3" File: C:/IIT/EE/ZNV00/Sub_Flags.vhd Line: 18
Info (12128): Elaborating entity "OR_2" for hierarchy "Sub:add_instance|OR_2:OR1" File: C:/IIT/EE/ZNV00/Sub_Flags.vhd Line: 28
Info (12128): Elaborating entity "XOR_2" for hierarchy "Sub:add_instance|XOR_2:XOR1" File: C:/IIT/EE/ZNV00/Sub_Flags.vhd Line: 35
Info (12128): Elaborating entity "AND_2" for hierarchy "Sub:add_instance|AND_2:AND1" File: C:/IIT/EE/ZNV00/Sub_Flags.vhd Line: 37
Warning (13024): Output pins are stuck at VCC or GND
    Warning (13410): Pin "output_vector[0]" is stuck at GND File: C:/IIT/EE/ZNV00/DUT.vhd Line: 9
    Warning (13410): Pin "output_vector[1]" is stuck at GND File: C:/IIT/EE/ZNV00/DUT.vhd Line: 9
Info (286030): Timing-Driven Synthesis is running
Info (16010): Generating hard_block partition "hard_block:auto_generated_inst"
    Info (16011): Adding 0 node(s), including 0 DDIO, 0 PLL, 0 transceiver and 0 LCELL
Info (21057): Implemented 22 device resources after synthesis - the final resource count might be different
    Info (21058): Implemented 8 input pins
    Info (21059): Implemented 5 output pins
    Info (21061): Implemented 9 logic cells
Info: Quartus Prime Analysis & Synthesis was successful. 0 errors, 7 warnings
    Info: Peak virtual memory: 4789 megabytes
    Info: Processing ended: Wed Sep 21 20:21:00 2022
    Info: Elapsed time: 00:00:08
    Info: Total CPU time (on all processors): 00:00:17


